<?xml version="1.0" encoding="UTF-8"?>
<testng-results total="2" passed="2" failed="0" skipped="0">
  <reporter-output>
  </reporter-output>
  <suite started-at="2021-10-12T05:36:58Z" name="Suite" finished-at="2021-10-12T05:37:45Z" duration-ms="46650">
    <groups>
    </groups>
    <test started-at="2021-10-12T05:36:58Z" name="Test" finished-at="2021-10-12T05:37:13Z" duration-ms="14672">
      <class name="Logic.admloginTest">
        <test-method is-config="true" signature="browser_invoke()[pri:0, instance:Logic.admloginTest@20f5281c]" started-at="2021-10-12T11:06:59Z" name="browser_invoke" finished-at="2021-10-12T11:07:05Z" duration-ms="6703" status="PASS">
          <reporter-output>
          </reporter-output>
        </test-method> <!-- browser_invoke -->
        <test-method signature="adminlogin()[pri:0, instance:Logic.admloginTest@20f5281c]" started-at="2021-10-12T11:07:05Z" name="adminlogin" finished-at="2021-10-12T11:07:12Z" duration-ms="6390" status="PASS">
          <reporter-output>
          </reporter-output>
        </test-method> <!-- adminlogin -->
        <test-method is-config="true" signature="close()[pri:0, instance:Logic.admloginTest@20f5281c]" started-at="2021-10-12T11:07:12Z" name="close" finished-at="2021-10-12T11:07:13Z" duration-ms="1533" status="PASS">
          <reporter-output>
          </reporter-output>
        </test-method> <!-- close -->
      </class> <!-- Logic.admloginTest -->
    </test> <!-- Test -->
    <test started-at="2021-10-12T05:37:13Z" name="Test1" finished-at="2021-10-12T05:37:45Z" duration-ms="31928">
      <class name="Logic.recruitmentTest">
        <test-method is-config="true" signature="extentreport()[pri:0, instance:Logic.recruitmentTest@4241e0f4]" started-at="2021-10-12T11:06:57Z" name="extentreport" finished-at="2021-10-12T11:06:58Z" duration-ms="1058" status="PASS">
          <reporter-output>
          </reporter-output>
        </test-method> <!-- extentreport -->
        <test-method is-config="true" signature="browser_invoke()[pri:0, instance:Logic.recruitmentTest@4241e0f4]" started-at="2021-10-12T11:07:13Z" name="browser_invoke" finished-at="2021-10-12T11:07:19Z" duration-ms="6150" status="PASS">
          <reporter-output>
          </reporter-output>
        </test-method> <!-- browser_invoke -->
        <test-method signature="recrt()[pri:0, instance:Logic.recruitmentTest@4241e0f4]" started-at="2021-10-12T11:07:19Z" name="recrt" finished-at="2021-10-12T11:07:41Z" duration-ms="21430" status="PASS">
          <reporter-output>
          </reporter-output>
        </test-method> <!-- recrt -->
        <test-method is-config="true" signature="close()[pri:0, instance:Logic.recruitmentTest@4241e0f4]" started-at="2021-10-12T11:07:41Z" name="close" finished-at="2021-10-12T11:07:45Z" duration-ms="4343" status="PASS">
          <reporter-output>
          </reporter-output>
        </test-method> <!-- close -->
      </class> <!-- Logic.recruitmentTest -->
    </test> <!-- Test1 -->
  </suite> <!-- Suite -->
</testng-results>
